[  259062ms] [LOG] [Fast Refresh] rebuilding @ http://localhost:3000/_next/static/chunks/1_hi_next_dist_1i1cs9v._.js:2477
[  259638ms] [LOG] [Fast Refresh] done in 531ms @ http://localhost:3000/_next/static/chunks/1_hi_next_dist_1i1cs9v._.js:2477
[  260319ms] [LOG] [Fast Refresh] rebuilding @ http://localhost:3000/_next/static/chunks/1_hi_next_dist_1i1cs9v._.js:2477
[  260356ms] [LOG] [Fast Refresh] done in 138ms @ http://localhost:3000/_next/static/chunks/1_hi_next_dist_1i1cs9v._.js:2477
[  274387ms] [LOG] [Fast Refresh] rebuilding @ http://localhost:3000/_next/static/chunks/1_hi_next_dist_1i1cs9v._.js:2477
[  275587ms] [LOG] [Fast Refresh] done in 1297ms @ http://localhost:3000/_next/static/chunks/1_hi_next_dist_1i1cs9v._.js:2477
[  275692ms] [LOG] [Fast Refresh] rebuilding @ http://localhost:3000/_next/static/chunks/1_hi_next_dist_1i1cs9v._.js:2477
[  276931ms] [ERROR] Failed to load resource: the server responded with a status of 500 (Internal Server Error) @ http://localhost:3000/login?_rsc=2PWn4eNgFwgEGU5W:0
[  277207ms] [ERROR] Failed to load resource: the server responded with a status of 500 (Internal Server Error) @ http://localhost:3000/login?_rsc=2PWn4eNgFwgEGU5W:0
[  277476ms] [ERROR] Failed to load resource: the server responded with a status of 500 (Internal Server Error) @ http://localhost:3000/login:0
[  277815ms] [INFO] %cDownload the React DevTools for a better development experience: https://react.dev/link/react-devtools font-weight:bold @ http://localhost:3000/_next/static/chunks/1_hi_react-dom_09c0jf-._.js:15305
[  277884ms] Error: Could not parse module '[project]/Desktop/larvis/l/frontend/src/proxy.ts', file not found
    at module evaluation (file:///Users/peddababu/Desktop/larvis/l/frontend/.next/dev/server/chunks/[root-of-the-server]__124z-x0._.js:70:11)
    at <unknown> (file:///Users/peddababu/Desktop/larvis/l/frontend/.next/dev/server/chunks/[turbopack]_runtime.js:1291:27)
    at runWithHooks (file:///Users/peddababu/Desktop/larvis/l/frontend/.next/dev/server/chunks/[turbopack]_runtime.js:1554:9)
    at instantiateModuleShared (file:///Users/peddababu/Desktop/larvis/l/frontend/.next/dev/server/chunks/[turbopack]_runtime.js:1289:9)
    at instantiateModule (file:///Users/peddababu/Desktop/larvis/l/frontend/.next/dev/server/chunks/[turbopack]_runtime.js:1557:23)
    at getOrInstantiateModuleFromParent (file:///Users/peddababu/Desktop/larvis/l/frontend/.next/dev/server/chunks/[turbopack]_runtime.js:1593:23)
    at Context.esmImport [as i] (file:///Users/peddababu/Desktop/larvis/l/frontend/.next/dev/server/chunks/[turbopack]_runtime.js:281:20)
    at module evaluation (file:///Users/peddababu/Desktop/larvis/l/frontend/.next/dev/server/chunks/1_hi_next_dist_20p2g0s._.js:13532:176)
    at <unknown> (file:///Users/peddababu/Desktop/larvis/l/frontend/.next/dev/server/chunks/[turbopack]_runtime.js:1291:27)
    at runWithHooks (file:///Users/peddababu/Desktop/larvis/l/frontend/.next/dev/server/chunks/[turbopack]_runtime.js:1554:9)
    at instantiateModuleShared (file:///Users/peddababu/Desktop/larvis/l/frontend/.next/dev/server/chunks/[turbopack]_runtime.js:1289:9)
    at instantiateModule (file:///Users/peddababu/Desktop/larvis/l/frontend/.next/dev/server/chunks/[turbopack]_runtime.js:1557:23)
    at instantiateRuntimeModule (file:///Users/peddababu/Desktop/larvis/l/frontend/.next/dev/server/chunks/[turbopack]_runtime.js:1564:12)
    at getOrInstantiateRuntimeModule (file:///Users/peddababu/Desktop/larvis/l/frontend/.next/dev/server/chunks/[turbopack]_runtime.js:1577:12)
    at Object.m (file:///Users/peddababu/Desktop/larvis/l/frontend/.next/dev/server/chunks/[turbopack]_runtime.js:1599:18)
    at Object.<anonymous> (file:///Users/peddababu/Desktop/larvis/l/frontend/.next/dev/server/middleware.js:4:3)
    at Module._compile (node:internal/modules/cjs/loader:1812:14)
    at Object..js (node:internal/modules/cjs/loader:1943:10)
    at Module.load (node:internal/modules/cjs/loader:1533:32)
    at Module._load (node:internal/modules/cjs/loader:1335:12)
    at wrapModuleLoad (node:internal/modules/cjs/loader:255:19)
    at Module.<anonymous> (node:internal/modules/cjs/loader:1556:12)
    at mod.require (file:///Users/peddababu/Desktop/larvis/l/frontend/node_modules/next/dist/server/require-hook.js:79:28)
    at require (node:internal/modules/helpers:152:16)
    at DevServer.loadNodeMiddleware (file:///Users/peddababu/Desktop/larvis/l/frontend/node_modules/next/dist/server/next-server.js:1072:28)
    at DevServer.runMiddleware (file:///Users/peddababu/Desktop/larvis/l/frontend/node_modules/next/dist/server/next-server.js:1182:43)
    at async DevServer.runMiddleware (file:///Users/peddababu/Desktop/larvis/l/frontend/node_modules/next/dist/server/dev/next-dev-server.js:278:28)
    at async NextNodeServer.handleCatchallMiddlewareRequest (file:///Users/peddababu/Desktop/larvis/l/frontend/node_modules/next/dist/server/next-server.js:392:26)
    at async DevServer.handleRequestImpl (file:///Users/peddababu/Desktop/larvis/l/frontend/node_modules/next/dist/server/base-server.js:941:28)
    at async (file:///Users/peddababu/Desktop/larvis/l/frontend/node_modules/next/dist/server/dev/next-dev-server.js:394:20)
    at async Span.traceAsyncFn (file:///Users/peddababu/Desktop/larvis/l/frontend/node_modules/next/dist/trace/trace.js:164:20)
    at async DevServer.handleRequest (file:///Users/peddababu/Desktop/larvis/l/frontend/node_modules/next/dist/server/dev/next-dev-server.js:390:24)
    at async handleRoute (file:///Users/peddababu/Desktop/larvis/l/frontend/node_modules/next/dist/server/lib/router-utils/resolve-routes.js:366:33)
    at async resolveRoutes (file:///Users/peddababu/Desktop/larvis/l/frontend/node_modules/next/dist/server/lib/router-utils/resolve-routes.js:622:28)
    at async handleRequest (file:///Users/peddababu/Desktop/larvis/l/frontend/node_modules/next/dist/server/lib/router-server.js:314:96)
    at async requestHandlerImpl (file:///Users/peddababu/Desktop/larvis/l/frontend/node_modules/next/dist/server/lib/router-server.js:514:13)
    at async Server.requestListener (file:///Users/peddababu/Desktop/larvis/l/frontend/node_modules/next/dist/server/lib/start-server.js:225:13)
[  277902ms] [LOG] [HMR] connected @ http://localhost:3000/_next/static/chunks/1_hi_next_dist_0hi9ge8._.js:1226
